#
# A fatal error has been detected by the Java Runtime Environment:
#
#  EXCEPTION_ACCESS_VIOLATION (0xc0000005) at pc=0x00007ffb876ee7b3, pid=8104, tid=224
#
# JRE version: OpenJDK Runtime Environment Corretto-11.0.9.12.1 (11.0.9.1+12) (build 11.0.9.1+12-LTS)
# Java VM: OpenJDK 64-Bit Server VM Corretto-11.0.9.12.1 (11.0.9.1+12-LTS, mixed mode, tiered, compressed oops, g1 gc, windows-amd64)
# Problematic frame:
# V  [jvm.dll+0x36e7b3]
#
# No core dump will be written. Minidumps are not enabled by default on client versions of Windows
#
# If you would like to submit a bug report, please visit:
#   https://bugreport.java.com/bugreport/crash.jsp
#

---------------  S U M M A R Y ------------

Command Line: -Xverify:none -XX:TieredStopAtLevel=1 com.kakaopay.coupon.CouponApplication

Host: Intel(R) Core(TM) i5-7200U CPU @ 2.50GHz, 4 cores, 7G,  Windows 10 , 64 bit Build 18362 (10.0.18362.1110)
Time: Fri Dec 18 13:52:29 2020 ¢¥eCN©öI¡¾©ö C¡ÍA¨ª¨öA elapsed time: 431675.373604 seconds (4d 23h 54m 35s)

---------------  T H R E A D  ---------------

Current thread (0x000001dce34ca000):  JavaThread "HikariPool-1 connection adder" daemon [_thread_in_vm, id=224, stack(0x00000091a1d00000,0x00000091a1e00000)]

Stack: [0x00000091a1d00000,0x00000091a1e00000],  sp=0x00000091a1dff5b0,  free space=1021k
Native frames: (J=compiled Java code, j=interpreted, Vv=VM code, C=native code)
V  [jvm.dll+0x36e7b3]
V  [jvm.dll+0x5f4f72]
V  [jvm.dll+0x36f2aa]
V  [jvm.dll+0x36f537]
V  [jvm.dll+0x3dd571]
V  [jvm.dll+0x741ca9]
V  [jvm.dll+0x73ad54]
